

  4%|█▊                                                | 7/195 [00:03<01:20,  2.32it/s]


  9%|████▎                                            | 17/195 [00:07<01:12,  2.44it/s]


 13%|██████▌                                          | 26/195 [00:11<01:14,  2.26it/s]


 20%|█████████▊                                       | 39/195 [00:16<01:04,  2.41it/s]***** Running Evaluation *****
  Num examples = 208
  Batch size = 4
 58%|████████████████████████████▊                     | 30/52 [00:00<00:00, 34.26it/s]
{'eval_loss': 0.09239299595355988, 'eval_accuracy': 0.9807692307692307, 'eval_f1': 0.975, 'eval_precision': 0.975, 'eval_recall': 0.975, 'eval_runtime': 1.5962, 'eval_samples_per_second': 130.312, 'eval_steps_per_second': 32.578, 'epoch': 0.99}
Configuration saved in ransom/checkpoint-39/config.json
Model weights saved in ransom/checkpoint-39/pytorch_model.bin
tokenizer config file saved in ransom/checkpoint-39/tokenizer_config.json
Special tokens file saved in ransom/checkpoint-39/special_tokens_map.json


 25%|████████████▎                                    | 49/195 [00:23<01:04,  2.27it/s]


 30%|██████████████▊                                  | 59/195 [00:27<00:57,  2.37it/s]


 35%|█████████████████▎                               | 69/195 [00:31<00:52,  2.39it/s]

 40%|███████████████████▌                             | 78/195 [00:35<00:46,  2.51it/s]***** Running Evaluation *****
  Num examples = 208
  Batch size = 4
 19%|█████████▌                                        | 10/52 [00:00<00:01, 37.12it/s]
Configuration saved in ransom/checkpoint-78/config.json
Model weights saved in ransom/checkpoint-78/pytorch_model.bin
tokenizer config file saved in ransom/checkpoint-78/tokenizer_config.json
Special tokens file saved in ransom/checkpoint-78/special_tokens_map.json
{'loss': 0.0708, 'learning_rate': 1.1794871794871796e-05, 'epoch': 2.05}

 45%|██████████████████████                           | 88/195 [00:41<00:44,  2.40it/s]


 50%|████████████████████████▋                        | 98/195 [00:45<00:40,  2.39it/s]


 55%|██████████████████████████▎                     | 107/195 [00:49<00:34,  2.54it/s]


 60%|████████████████████████████▊                   | 117/195 [00:53<00:32,  2.39it/s]
 60%|████████████████████████████▊                   | 117/195 [00:53<00:32,  2.39it/s]***** Running Evaluation *****
  Num examples = 208
  Batch size = 4
 60%|████████████████████████████▊                   | 117/195 [00:55<00:32,  2.39it/s]Saving model checkpoint to ransom/checkpoint-117
Configuration saved in ransom/checkpoint-117/config.json
Model weights saved in ransom/checkpoint-117/pytorch_model.bin
tokenizer config file saved in ransom/checkpoint-117/tokenizer_config.json
Special tokens file saved in ransom/checkpoint-117/special_tokens_map.json
Traceback (most recent call last):
  File "/home/sam/.local/lib/python3.10/site-packages/torch/serialization.py", line 423, in save
    _save(obj, opened_zipfile, pickle_module, pickle_protocol)
  File "/home/sam/.local/lib/python3.10/site-packages/torch/serialization.py", line 650, in _save
    zip_file.write_record(name, storage.data_ptr(), num_bytes)
RuntimeError: [enforce fail at inline_container.cc:445] . PytorchStreamWriter failed writing file data/49: file write failed
During handling of the above exception, another exception occurred:
Traceback (most recent call last):
  File "/home/sam/Documents/hacs479/train_model.py", line 70, in <module>
    trainer.train()
  File "/home/sam/.local/lib/python3